[20_10_2025_20_57_39] - root - INFO - created house data as dict
[20_10_2025_20_57_39] - root - INFO - Entered predict method of HousePricePredict class
[20_10_2025_20_57_39] - root - INFO - Entered the get file obj method
[20_10_2025_20_57_39] - root - INFO - Entered get_bucket method
[20_10_2025_20_57_46] - root - INFO - Production model loaded from bucket.
[20_10_2025_20_57_46] - root - INFO - Starting prediction process.
[20_10_2025_20_57_46] - root - INFO - Using the trained model to get predictions
[20_10_2025_20_59_23] - root - INFO - created house data as dict
[20_10_2025_20_59_23] - root - INFO - Entered predict method of HousePricePredict class
[20_10_2025_20_59_23] - root - INFO - Entered the get file obj method
[20_10_2025_20_59_23] - root - INFO - Entered get_bucket method
[20_10_2025_20_59_30] - root - INFO - Production model loaded from bucket.
[20_10_2025_20_59_30] - root - INFO - Starting prediction process.
[20_10_2025_20_59_30] - root - INFO - Using the trained model to get predictions
[20_10_2025_21_00_47] - root - INFO - starting data ingestion in training pipeline
[20_10_2025_21_00_47] - root - INFO - Data Ingestion starts...
[20_10_2025_21_00_47] - root - INFO - Exporting Data From MongoDB
[20_10_2025_21_00_50] - root - INFO - MongoDB connection Successful
[20_10_2025_21_00_50] - root - INFO - Featching data from mongodb...
[20_10_2025_21_01_19] - root - INFO - Data fetched with len: 50000
[20_10_2025_21_01_19] - root - INFO - Shape of dataframe: (50000, 25)
[20_10_2025_21_01_19] - root - INFO - saving exported dataframe into feature store
[20_10_2025_21_01_20] - root - INFO - got the data from mongodb
[20_10_2025_21_01_20] - root - INFO - Splitting of Dataframe starts...
[20_10_2025_21_01_20] - root - INFO - Splitting of dataframe completed
[20_10_2025_21_01_20] - root - INFO - Saving of train and test file in ingested dir starts
[20_10_2025_21_01_20] - root - INFO - Saving of training and testing data completed
[20_10_2025_21_01_20] - root - INFO - data_ingestion_artifact: DataIngestionArtifact(train_file_path='Artifact\\20_10_2025_20_56_45\\data_ingestion\\ingested\\train.csv', test_file_path='Artifact\\20_10_2025_20_56_45\\data_ingestion\\ingested\\test.csv')
[20_10_2025_21_01_20] - root - INFO - Data-Ingestion completed successfully
[20_10_2025_21_01_20] - root - INFO - start data ingestion completed successfully
[20_10_2025_21_01_20] - root - INFO - Training pipeline data-validation component is started
[20_10_2025_21_01_20] - root - INFO - Starting data validation process... Checking missing columns, and data consistency.
[20_10_2025_21_01_20] - root - INFO - validating number of columns...
[20_10_2025_21_01_20] - root - INFO - Validation of number of columns status:True
[20_10_2025_21_01_20] - root - INFO - The len status for training data is: True
[20_10_2025_21_01_20] - root - INFO - validating number of columns...
[20_10_2025_21_01_20] - root - INFO - Validation of number of columns status:True
[20_10_2025_21_01_20] - root - INFO - the len status of the test_data: True
[20_10_2025_21_01_20] - root - INFO - All columns exist in train data
[20_10_2025_21_01_20] - root - INFO - All columns exist in test data
[20_10_2025_21_01_20] - root - INFO - Data validation artifact created and saved to JSON file.
[20_10_2025_21_01_20] - root - INFO - Data validation artifact: DataValidationArtifact(validation_status=True, message='', validation_report_file_path='Artifact\\20_10_2025_20_56_45\\data_validation\\Report.yaml')
[20_10_2025_21_01_20] - root - INFO - Data-Validation component finished execution Successfully
[20_10_2025_21_01_20] - root - INFO - Feature Transformation Starts here
[20_10_2025_21_01_21] - root - INFO - Data loaded Successfully
[20_10_2025_21_01_21] - root - INFO - input_features and target features are  defined
[20_10_2025_21_01_21] - root - INFO - Dropping useless columns as per schema configuration...
[20_10_2025_21_01_21] - root - INFO - dropping columns: ['property_id', 'down_payment', 'emi_to_income_ratio', 'decision', 'loan_amount', 'loan_tenure_years', 'customer_salary', 'city', 'crime_cases_reported', 'constructed_year', 'garage', 'satisfaction_score', 'legal_cases_on_property', 'connectivity_score']
[20_10_2025_21_01_21] - root - INFO - Dropping useless columns as per schema configuration...
[20_10_2025_21_01_21] - root - INFO - dropping columns: ['property_id', 'down_payment', 'emi_to_income_ratio', 'decision', 'loan_amount', 'loan_tenure_years', 'customer_salary', 'city', 'crime_cases_reported', 'constructed_year', 'garage', 'satisfaction_score', 'legal_cases_on_property', 'connectivity_score']
[20_10_2025_21_01_21] - root - INFO - OneHotEncoding is started....
[20_10_2025_21_01_21] - root - INFO - Entered get_data_transformer_object method of DataTransformation class
[20_10_2025_21_01_21] - root - INFO - Initializing-Transformeres
[20_10_2025_21_01_21] - root - INFO - transformer initialized:OneHotEncoder
[20_10_2025_21_01_21] - root - INFO - loading columns for one hot incoding
[20_10_2025_21_01_21] - root - INFO - Ohe-features are:[['country', 'property_type', 'furnishing_status']]
[20_10_2025_21_01_21] - root - INFO - wrapping everything in single pipeline
[20_10_2025_21_01_21] - root - INFO - final pipeline ready
[20_10_2025_21_01_21] - root - INFO - input_feature_train_df encoding is completed
[20_10_2025_21_01_21] - root - INFO - input_feature_test_df encoding is completed
[20_10_2025_21_01_21] - root - INFO - saving of obj and transformed-data starts here
[20_10_2025_21_01_21] - root - INFO - Saving of obj and tranformed train_test data saved
[20_10_2025_21_01_21] - root - INFO - Data-transformation completed successfully...
[20_10_2025_21_01_21] - root - INFO - Entered initiate model trainer method of model_trainer class
[20_10_2025_21_01_21] - root - INFO - Starting Model-trainer component
[20_10_2025_21_01_21] - root - INFO - train and test_data loaded
[20_10_2025_21_01_21] - root - INFO - Training DecisionTreeRegressor starts here.
[20_10_2025_21_01_21] - root - INFO - train_test_split done.
[20_10_2025_21_01_21] - root - INFO - Model Fitting going on.
[20_10_2025_21_01_22] - root - INFO - model fitting done...
[20_10_2025_21_01_22] - root - INFO - trained_model and metrics artifact loaded
[20_10_2025_21_01_22] - root - INFO - saving the model as performance is better than previous one
[20_10_2025_21_01_22] - root - INFO - Saved final model object that includes both preprocessing and the trained model
[20_10_2025_21_01_22] - root - INFO - model.yaml file created and saved model name and metrics
[20_10_2025_21_01_22] - root - INFO - Saved final model object that includes both preprocessing and the trained model
[20_10_2025_21_01_22] - root - INFO - Model trainer artifact: ModelTrainerArtifact(trained_model_file_path='Artifact\\20_10_2025_20_56_45\\model_trainer\\trained_model\\model.pkl', metrics_artifact=RegressionMetricsArtifact(MAE=3654.67968, MSE=20672468.628, R2_SCORE=0.9999696401816197, MAPE=0.005626212604131717))
[20_10_2025_21_01_22] - root - INFO - Model Trainer component in training pipeline completed.
[20_10_2025_21_01_22] - root - INFO - Model evaluation starts here...
[20_10_2025_21_01_22] - root - INFO - test data loaded now transforming for prediction
[20_10_2025_21_01_22] - root - INFO - Dropping _id column
[20_10_2025_21_01_22] - root - INFO - Trained_model loaded successfully
[20_10_2025_21_01_22] - root - INFO - Starting prediction process.
[20_10_2025_21_01_22] - root - INFO - Using the trained model to get predictions
[20_10_2025_21_01_22] - root - INFO - Trained model r2_score is: 0.9999696401816197
[20_10_2025_21_01_22] - root - INFO - Entered get_bucket method
[20_10_2025_21_01_27] - root - INFO - Result: EvaluationModelResponse(trained_model_r2_score=0.9999696401816197, best_model_r2_score=None, is_model_accepted=True, difference=0.9999696401816197)
[20_10_2025_21_01_27] - root - INFO - Model evaluation artifact: ModelEvaluationArtifact(is_model_accepted=True, changed_r2_score=0.9999696401816197, s3_model_path='model.pkl', trained_model_path='Artifact\\20_10_2025_20_56_45\\model_trainer\\trained_model\\model.pkl')
[20_10_2025_21_01_27] - root - INFO - Model evaluation completed...
[20_10_2025_21_01_27] - root - INFO - model_pusher component starts here...
[20_10_2025_21_01_27] - root - INFO - Uploading a new model to Blackblaze bucket
[20_10_2025_21_04_23] - root - INFO - Uploaded Artifact\20_10_2025_20_56_45\model_trainer\trained_model\model.pkl to bucket House-Bucket as model.pkl
[20_10_2025_21_04_23] - root - INFO - Uploaded model successfully to Backblaze bucket
[20_10_2025_21_04_23] - root - INFO - Model pusher artifact: [ModelPusherArtifact(bucket_name='House-Bucket', s3_model_path='model.pkl')]
[20_10_2025_21_04_23] - root - INFO - Exited initiate_model_pusher method of ModelPusher class
[20_10_2025_21_04_23] - root - INFO - Model-pusher component in training pipeline completed successfully
[20_10_2025_21_05_10] - root - INFO - created house data as dict
[20_10_2025_21_05_10] - root - INFO - Entered predict method of HousePricePredict class
[20_10_2025_21_05_10] - root - INFO - Entered the get file obj method
[20_10_2025_21_05_10] - root - INFO - Entered get_bucket method
[20_10_2025_21_05_16] - root - INFO - Production model loaded from bucket.
[20_10_2025_21_05_16] - root - INFO - Starting prediction process.
[20_10_2025_21_05_16] - root - INFO - Using the trained model to get predictions
[20_10_2025_21_08_03] - root - INFO - created house data as dict
[20_10_2025_21_08_03] - root - INFO - Entered predict method of HousePricePredict class
[20_10_2025_21_08_03] - root - INFO - Entered the get file obj method
[20_10_2025_21_08_03] - root - INFO - Entered get_bucket method
[20_10_2025_21_08_10] - root - INFO - Production model loaded from bucket.
[20_10_2025_21_08_10] - root - INFO - Starting prediction process.
[20_10_2025_21_08_10] - root - INFO - Using the trained model to get predictions
[20_10_2025_21_08_10] - root - INFO - created house data as dict
[20_10_2025_21_08_10] - root - INFO - Entered predict method of HousePricePredict class
[20_10_2025_21_08_10] - root - INFO - Entered the get file obj method
[20_10_2025_21_08_10] - root - INFO - Entered get_bucket method
[20_10_2025_21_08_13] - root - INFO - Production model loaded from bucket.
[20_10_2025_21_08_13] - root - INFO - Starting prediction process.
[20_10_2025_21_08_13] - root - INFO - Using the trained model to get predictions
[20_10_2025_21_12_47] - root - INFO - created house data as dict
[20_10_2025_21_12_47] - root - INFO - Entered predict method of HousePricePredict class
[20_10_2025_21_12_47] - root - INFO - Entered the get file obj method
[20_10_2025_21_12_47] - root - INFO - Entered get_bucket method
[20_10_2025_21_12_53] - root - INFO - Production model loaded from bucket.
[20_10_2025_21_12_53] - root - INFO - Starting prediction process.
[20_10_2025_21_12_53] - root - INFO - Using the trained model to get predictions
[20_10_2025_21_19_58] - root - INFO - created house data as dict
[20_10_2025_21_19_58] - root - INFO - Entered predict method of HousePricePredict class
[20_10_2025_21_19_58] - root - INFO - Entered the get file obj method
[20_10_2025_21_19_58] - root - INFO - Entered get_bucket method
[20_10_2025_21_20_08] - root - INFO - Production model loaded from bucket.
[20_10_2025_21_20_08] - root - INFO - Starting prediction process.
[20_10_2025_21_20_08] - root - INFO - Using the trained model to get predictions
[20_10_2025_21_20_48] - root - INFO - created house data as dict
[20_10_2025_21_20_48] - root - INFO - Entered predict method of HousePricePredict class
[20_10_2025_21_20_48] - root - INFO - Entered the get file obj method
[20_10_2025_21_20_48] - root - INFO - Entered get_bucket method
[20_10_2025_21_20_57] - root - INFO - Production model loaded from bucket.
[20_10_2025_21_20_57] - root - INFO - Starting prediction process.
[20_10_2025_21_20_58] - root - INFO - Using the trained model to get predictions
[20_10_2025_21_22_37] - root - INFO - created house data as dict
[20_10_2025_21_22_37] - root - INFO - Entered predict method of HousePricePredict class
[20_10_2025_21_22_37] - root - INFO - Entered the get file obj method
[20_10_2025_21_22_37] - root - INFO - Entered get_bucket method
[20_10_2025_21_22_46] - root - INFO - Production model loaded from bucket.
[20_10_2025_21_22_46] - root - INFO - Starting prediction process.
[20_10_2025_21_22_46] - root - INFO - Using the trained model to get predictions
[20_10_2025_21_23_07] - root - INFO - created house data as dict
[20_10_2025_21_23_07] - root - INFO - Entered predict method of HousePricePredict class
[20_10_2025_21_23_07] - root - INFO - Entered the get file obj method
[20_10_2025_21_23_07] - root - INFO - Entered get_bucket method
[20_10_2025_21_23_18] - root - INFO - Production model loaded from bucket.
[20_10_2025_21_23_18] - root - INFO - Starting prediction process.
[20_10_2025_21_23_18] - root - INFO - Using the trained model to get predictions
[20_10_2025_21_25_01] - root - INFO - created house data as dict
[20_10_2025_21_25_01] - root - INFO - Entered predict method of HousePricePredict class
[20_10_2025_21_25_01] - root - INFO - Entered the get file obj method
[20_10_2025_21_25_01] - root - INFO - Entered get_bucket method
[20_10_2025_21_25_10] - root - INFO - Production model loaded from bucket.
[20_10_2025_21_25_10] - root - INFO - Starting prediction process.
[20_10_2025_21_25_11] - root - INFO - Using the trained model to get predictions
[20_10_2025_21_28_51] - root - INFO - created house data as dict
[20_10_2025_21_28_51] - root - INFO - Entered predict method of HousePricePredict class
[20_10_2025_21_28_51] - root - INFO - Entered the get file obj method
[20_10_2025_21_28_51] - root - INFO - Entered get_bucket method
[20_10_2025_21_29_00] - root - INFO - Production model loaded from bucket.
[20_10_2025_21_29_00] - root - INFO - Starting prediction process.
[20_10_2025_21_29_00] - root - INFO - Using the trained model to get predictions
